2025-07-17 15:14:04,058 - INFO - ============================================================
2025-07-17 15:14:04,058 - INFO - INVENTORY DATE FIX TEST
2025-07-17 15:14:04,059 - INFO - ============================================================
2025-07-17 15:14:04,063 - INFO - ============================================================
2025-07-17 15:14:04,065 - INFO - ============================================================
2025-07-17 15:17:13,406 - INFO - ==================================================
2025-07-17 15:17:13,407 - INFO - INVENTORY DATE FIX TEST
2025-07-17 15:17:13,407 - INFO - ==================================================
2025-07-17 15:17:13,408 - INFO - 
Running Database Schema test...
2025-07-17 15:17:13,408 - INFO - Testing database schema changes...
2025-07-17 15:17:13,408 - ERROR - FAILED: Schema test failed - Invalid URL
2025-07-17 15:17:13,408 - INFO - FAIL: Database Schema
2025-07-17 15:17:13,408 - INFO - 
Running Transform Function test...
2025-07-17 15:17:13,408 - INFO - Testing transform function...
2025-07-17 15:17:13,408 - INFO - Transformed record fields:
2025-07-17 15:17:13,408 - INFO -   id: test_123
2025-07-17 15:17:13,408 - INFO -   product_id: prod_456
2025-07-17 15:17:13,408 - INFO -   current_amount: 10
2025-07-17 15:17:13,408 - INFO -   lightspeed_created_at: 2024-01-15T10:30:00Z
2025-07-17 15:17:13,408 - INFO -   lightspeed_updated_at: 2024-01-16T14:20:00Z
2025-07-17 15:17:13,409 - INFO -   created_at: 2025-07-17T20:17:13.408613+00:00
2025-07-17 15:17:13,409 - INFO -   updated_at: 2025-07-17T20:17:13.408620+00:00
2025-07-17 15:17:13,409 - INFO - SUCCESS: Transform function working correctly
2025-07-17 15:17:13,409 - INFO - PASS: Transform Function
2025-07-17 15:17:13,409 - INFO - 
Running Lightspeed API test...
2025-07-17 15:17:13,409 - INFO - Testing Lightspeed API connection...
2025-07-17 15:17:13,642 - ERROR - FAILED: Cannot connect to Lightspeed API
2025-07-17 15:17:13,643 - INFO - FAIL: Lightspeed API
2025-07-17 15:17:13,643 - INFO - ==================================================
2025-07-17 15:17:13,643 - INFO - Test Results: 1/3 tests passed
2025-07-17 15:17:13,643 - INFO - SOME TESTS FAILED! Please fix issues before proceeding.
2025-07-17 15:17:13,643 - INFO - ==================================================
2025-07-17 15:17:41,690 - INFO - Initializing API clients...
2025-07-17 15:17:41,690 - ERROR - Fatal error during sync: Invalid URL
2025-07-17 15:23:18,911 - INFO - Initializing API clients...
2025-07-17 15:23:18,912 - ERROR - Fatal error during sync: Invalid URL
2025-07-17 15:24:25,078 - INFO - Initializing API clients...
2025-07-17 15:24:25,078 - ERROR - Fatal error during sync: Invalid URL
2025-07-17 15:25:03,238 - INFO - Initializing API clients...
2025-07-17 15:25:03,520 - INFO - Testing API connections...
2025-07-17 15:25:03,728 - ERROR - Fatal error during sync: Failed to connect to Lightspeed API
